========================================================================= 
Log Path: ~/Documents/GitHub/scripts-multimodal/log/multimodal20220105131840_20250723173457.log 
Program Path: /Users/christopherrapp/Documents/GitHub/scripts-multimodal/functions_multimodal_V2.R 
Working Directory: /Users/christopherrapp 
User Name: christopherrapp 
R Version: 4.5.0 (2025-04-11) 
Machine: Mac.salemcourthouse.com arm64 
Operating System: Darwin 24.5.0 Darwin Kernel Version 24.5.0: Tue Apr 22 19:52:00 PDT 2025; root:xnu-11417.121.6~2/RELEASE_ARM64_T6031 
Base Packages: stats graphics grDevices utils datasets methods base 
Other Packages: patchwork_1.3.0 purrr_1.0.4 ggplot2_3.5.2 logr_1.3.9 common_1.1.3 lubridate_1.9.4 dplyr_1.1.4 tidyr_1.3.1 data.table_1.17.4 stringr_1.5.1 
Log Start Time: 2025-07-23 17:34:57.813381 
========================================================================= 

Current Dataset Time: 2022-01-05 18:18:40 UTC 

Dataset sampling frequency is 5 min 

2022-01-05 18:18:40: Current Loop Iteration: 1, Remaining Variance: 39.15%, Number of Modes: 1 

2022-01-05 18:18:40: Current Loop Iteration: 2, Remaining Variance: 38.45%, Number of Modes: 2 

2022-01-05 18:18:40: Current Loop Iteration: 3, Remaining Variance: 37.43%, Number of Modes: 3 

2022-01-05 18:18:40: Current Loop Iteration: 4, Remaining Variance: 37.37%, Number of Modes: 4 

2022-01-05 18:18:40: Current Loop Iteration: 5, Negative Concentration! 

2022-01-05 18:18:40: Current Loop Iteration: 6, Negative Concentration! 

2022-01-05 18:18:40: Current Loop Iteration: 7, GSD Error! 

2022-01-05 18:18:40: Current Loop Iteration: 8, GSD Error! 

2022-01-05 18:18:40: Current Loop Iteration: 9, Negative Concentration! 

2022-01-05 18:18:40: Current Loop Iteration: 10, Negative Concentration! 

2022-01-05 18:18:40: Current Loop Iteration: 11, Negative Concentration! 

2022-01-05 18:18:40: Terminating loop, no remaining peaks 

