========================================================================= 
Log Path: /Users/christopherrapp/Documents/GitHub/scripts-multimodal/log/multimodal20220321200000_20250722155619.log 
Program Path: /Users/christopherrapp/Documents/GitHub/scripts-multimodal/README.Rmd 
Working Directory: /Users/christopherrapp/Documents/GitHub/scripts-multimodal 
User Name: christopherrapp 
R Version: 4.5.0 (2025-04-11) 
Machine: pal-nat186-180-93.itap.purdue.edu arm64 
Operating System: Darwin 24.5.0 Darwin Kernel Version 24.5.0: Tue Apr 22 19:52:00 PDT 2025; root:xnu-11417.121.6~2/RELEASE_ARM64_T6031 
Base Packages: stats graphics grDevices utils datasets methods base 
Other Packages: purrr_1.0.4 ggplot2_3.5.2 logr_1.3.9 common_1.1.3 lubridate_1.9.4 dplyr_1.1.4 tidyr_1.3.1 data.table_1.17.4 stringr_1.5.1 
Log Start Time: 2025-07-22 15:56:19.634222 
========================================================================= 

Current Dataset Time: 2022-03-22 Unknown 

Dataset sampling frequency is 60 min 

2022-03-22: Current Loop Iteration: 1, Remaining Variance: 44.61%, Number of Modes: 1 

2022-03-22: Current Loop Iteration: 2, Remaining Variance: 16.04%, Number of Modes: 2 

2022-03-22: Current Loop Iteration: 3, Remaining Variance: 3.46%, Number of Modes: 3 

2022-03-22: Current Loop Iteration: 4, Remaining Variance: 0.45%, Number of Modes: 4 

Error in top.gg/mid.gg : non-numeric argument to binary operator 
Traceback: 
 [1] "3: FUN(X[[i]], ...)"                                                              
 [2] "2: lapply(data.ls, function(z) {"                                                 
 [3] "       date.time.c <- lubridate::as_datetime(as.numeric(first(z[, "               
 [4] "           time.index, with = F])))"                                              
 [5] "       {"                                                                         
 [6] "           bins.ix = str_which(colnames(z), \"\\\\d+(\\\\.\\\\d+)?$\")"           
 [7] "           bins.nm = as.numeric(colnames(z)[bins.ix])"                            
 [8] "           tmp.df <- z %>% select(!all_of(bins.ix))"                              
 [9] "           {"                                                                     
[10] "               tmp1 <- as.numeric(bins.nm[-c(length(bins.nm))])/1000"             
[11] "               tmp2 <- as.numeric(bins.nm[-1])/1000"                              
[12] "               dlogDp = log10(tmp2) - log10(tmp1)"                                
[13] "           }"                                                                     
[14] "           select.c <- bins.ix[1:(length(bins.ix) - 1)]"                          
[15] "       }"                                                                         
[16] "       {"                                                                         
[17] "           dNdlogDp.mat <- z[, select.c, with = F]"                               
[18] "           dNdlogDp.mat <- sapply(dNdlogDp.mat, as.numeric)"                      
[19] "           dN.mat = t(t(dNdlogDp.mat) * dlogDp)"                                  
[20] "           dN.mat <- dN.mat[complete.cases(dN.mat), ]"                            
[21] "           if (is.null(nrow(dNdlogDp.mat))) {"                                    
[22] "     ... at file201f1392444c#189"                                                 
[23] "1: multimodal.fitting(data, log.path = getwd(), frequency = 10, "                 
[24] "       max.iterations = 30, max.modes = 10, lower.limit = 1, upper.limit = 1000, "
[25] "       accuracy = 0.05)"                                                          

========================================================================= 
Log End Time: 2025-07-22 15:56:20.200172 
Log Elapsed Time: 0 00:00:00 
========================================================================= 
