========================================================================= 
Log Path: ~/Documents/GitHub/scripts-multimodal/log/multimodal20220321200000_20250723172145.log 
Program Path: /Users/christopherrapp/Documents/GitHub/scripts-multimodal/functions_multimodal_V2.R 
Working Directory: /Users/christopherrapp 
User Name: christopherrapp 
R Version: 4.5.0 (2025-04-11) 
Machine: Mac.salemcourthouse.com arm64 
Operating System: Darwin 24.5.0 Darwin Kernel Version 24.5.0: Tue Apr 22 19:52:00 PDT 2025; root:xnu-11417.121.6~2/RELEASE_ARM64_T6031 
Base Packages: stats graphics grDevices utils datasets methods base 
Other Packages: patchwork_1.3.0 purrr_1.0.4 ggplot2_3.5.2 logr_1.3.9 common_1.1.3 lubridate_1.9.4 dplyr_1.1.4 tidyr_1.3.1 data.table_1.17.4 stringr_1.5.1 
Log Start Time: 2025-07-23 17:21:46.73177 
========================================================================= 

Current Dataset Time: 2022-03-22 Unknown 

Dataset sampling frequency is 60 min 

Error in validate_rounding_nunit(.Call(C_parse_unit, as.character(unit))) : Rounding with minute > 60 is not supported. Use aseconds for arbitrary units. 
Traceback: 
[1] "5: stop(sprintf(\"Rounding with %s > %d is not supported. Use aseconds for arbitrary units.\", " "       nunit$unit, trunc_multi_limits[[nunit$unit]]))"                                          
[3] "4: validate_rounding_nunit(.Call(C_parse_unit, as.character(unit)))"                             "3: timechange:::parse_units(unit)"                                                              
[5] "2: .normalize_multi_week_unit(unit)"                                                             "1: round_date(data[[time.index]], paste(frequency, \" mins\")) at #123"                         

========================================================================= 
Log End Time: 2025-07-23 17:21:46.733782 
Log Elapsed Time: 0 00:00:00 
========================================================================= 
