========================================================================= 
Log Path: ~/Documents/GitHub/scripts-multimodal/log/multimodal20220321200000_20250723172250.log 
Program Path: /Users/christopherrapp/Documents/GitHub/scripts-multimodal/functions_multimodal_V2.R 
Working Directory: /Users/christopherrapp 
User Name: christopherrapp 
R Version: 4.5.0 (2025-04-11) 
Machine: Mac.salemcourthouse.com arm64 
Operating System: Darwin 24.5.0 Darwin Kernel Version 24.5.0: Tue Apr 22 19:52:00 PDT 2025; root:xnu-11417.121.6~2/RELEASE_ARM64_T6031 
Base Packages: stats graphics grDevices utils datasets methods base 
Other Packages: patchwork_1.3.0 purrr_1.0.4 ggplot2_3.5.2 logr_1.3.9 common_1.1.3 lubridate_1.9.4 dplyr_1.1.4 tidyr_1.3.1 data.table_1.17.4 stringr_1.5.1 
Log Start Time: 2025-07-23 17:22:51.60922 
========================================================================= 

Current Dataset Time: 2022-03-22 Unknown 

Dataset sampling frequency is 60 min 

2022-03-22: Current Loop Iteration: 1, Remaining Variance: 44.61%, Number of Modes: 1 

2022-03-22: Current Loop Iteration: 2, Remaining Variance: 16.04%, Number of Modes: 2 

2022-03-22: Current Loop Iteration: 3, Remaining Variance: 3.46%, Number of Modes: 3 

2022-03-22: Current Loop Iteration: 4, Remaining Variance: 0.45%, Number of Modes: 4 

2022-03-22 01:00:00.0288: Current Loop Iteration: 1, Remaining Variance: 12.49%, Number of Modes: 1 

2022-03-22 01:00:00.0288: Current Loop Iteration: 2, Remaining Variance: 0.63%, Number of Modes: 2 

2022-03-22 01:59:59.9712: Current Loop Iteration: 1, Remaining Variance: 35.72%, Number of Modes: 1 

2022-03-22 01:59:59.9712: Current Loop Iteration: 2, Remaining Variance: 16.12%, Number of Modes: 2 

2022-03-22 01:59:59.9712: Current Loop Iteration: 3, Remaining Variance: 7.25%, Number of Modes: 3 

2022-03-22 01:59:59.9712: Current Loop Iteration: 4, Remaining Variance: 1.75%, Number of Modes: 4 

2022-03-22 01:59:59.9712: Current Loop Iteration: 5, Negative Concentration! 

2022-03-22 01:59:59.9712: Current Loop Iteration: 6, Remaining Variance: 1.9%, Number of Modes: 5 

2022-03-22 01:59:59.9712: Current Loop Iteration: 7, Negative Concentration! 

2022-03-22 01:59:59.9712: Current Loop Iteration: 8, Remaining Variance: 1.72%, Number of Modes: 6 

2022-03-22 01:59:59.9712: Current Loop Iteration: 9, Remaining Variance: 1.56%, Number of Modes: 7 

2022-03-22 01:59:59.9712: Peak estimation is 150% higher10, resetting to zero and retrying 

2022-03-22 01:59:59.9712: Current Loop Iteration: 10, Remaining Variance: 1.53%, Number of Modes: 7 

2022-03-22 01:59:59.9712: Current Loop Iteration: 11, Remaining Variance: 1.24%, Number of Modes: 8 

2022-03-22 01:59:59.9712: Terminating loop 12, model fitting failure 

2022-03-22 03:00:00: Current Loop Iteration: 1, Remaining Variance: 14.17%, Number of Modes: 1 

2022-03-22 03:00:00: Current Loop Iteration: 2, Remaining Variance: 5.97%, Number of Modes: 2 

2022-03-22 03:00:00: Current Loop Iteration: 3, Remaining Variance: 5.18%, Number of Modes: 3 

2022-03-22 03:00:00: Current Loop Iteration: 4, Remaining Variance: 2.35%, Number of Modes: 4 

2022-03-22 03:00:00: Current Loop Iteration: 5, Remaining Variance: 1.89%, Number of Modes: 5 

2022-03-22 03:00:00: Current Loop Iteration: 6, Remaining Variance: 0.73%, Number of Modes: 6 

2022-03-22 04:00:00.0288: Current Loop Iteration: 1, Remaining Variance: 11.61%, Number of Modes: 1 

2022-03-22 04:00:00.0288: Current Loop Iteration: 2, Remaining Variance: 4.92%, Number of Modes: 2 

2022-03-22 04:00:00.0288: Current Loop Iteration: 3, Remaining Variance: 4.05%, Number of Modes: 3 

2022-03-22 04:00:00.0288: Current Loop Iteration: 4, Remaining Variance: 2.4%, Number of Modes: 4 

2022-03-22 04:00:00.0288: Current Loop Iteration: 5, Remaining Variance: 1.73%, Number of Modes: 5 

2022-03-22 04:00:00.0288: Current Loop Iteration: 6, Remaining Variance: 1.56%, Number of Modes: 6 

2022-03-22 04:00:00.0288: Current Loop Iteration: 7, Remaining Variance: 0.63%, Number of Modes: 7 

2022-03-22 04:59:59.9712: Current Loop Iteration: 1, Remaining Variance: 14.6%, Number of Modes: 1 

2022-03-22 04:59:59.9712: Current Loop Iteration: 2, Remaining Variance: 6.57%, Number of Modes: 2 

2022-03-22 04:59:59.9712: Current Loop Iteration: 3, Remaining Variance: 3.76%, Number of Modes: 3 

2022-03-22 04:59:59.9712: Current Loop Iteration: 4, Remaining Variance: 2.26%, Number of Modes: 4 

2022-03-22 04:59:59.9712: Current Loop Iteration: 5, Negative Concentration! 

2022-03-22 04:59:59.9712: Current Loop Iteration: 6, GSD Error! 

2022-03-22 04:59:59.9712: Current Loop Iteration: 7, Remaining Variance: 2.13%, Number of Modes: 5 

2022-03-22 04:59:59.9712: Current Loop Iteration: 8, Remaining Variance: 2.11%, Number of Modes: 6 

2022-03-22 04:59:59.9712: Current Loop Iteration: 9, Negative Concentration! 

2022-03-22 04:59:59.9712: Current Loop Iteration: 10, GSD Error! 

2022-03-22 04:59:59.9712: Current Loop Iteration: 11, GSD Error! 

2022-03-22 04:59:59.9712: Current Loop Iteration: 12, Negative Concentration! 

2022-03-22 04:59:59.9712: Current Loop Iteration: 13, GSD Error! 

2022-03-22 04:59:59.9712: Current Loop Iteration: 14, Negative Concentration! 

2022-03-22 04:59:59.9712: Current Loop Iteration: 15, Negative Concentration! 

2022-03-22 04:59:59.9712: Current Loop Iteration: 16, Negative Concentration! 

2022-03-22 04:59:59.9712: Current Loop Iteration: 17, Negative Concentration! 

2022-03-22 04:59:59.9712: Current Loop Iteration: 18, Negative Concentration! 

2022-03-22 04:59:59.9712: Current Loop Iteration: 19, Negative Concentration! 

2022-03-22 04:59:59.9712: Current Loop Iteration: 20, Negative Concentration! 

2022-03-22 04:59:59.9712: Terminating loop, no remaining peaks 

2022-03-22 06:00:00: Current Loop Iteration: 1, Remaining Variance: 7.57%, Number of Modes: 1 

2022-03-22 06:00:00: Current Loop Iteration: 2, Remaining Variance: 5.06%, Number of Modes: 2 

2022-03-22 06:00:00: Current Loop Iteration: 3, Remaining Variance: 4.03%, Number of Modes: 3 

2022-03-22 06:00:00: Current Loop Iteration: 4, Remaining Variance: 2.32%, Number of Modes: 4 

2022-03-22 06:00:00: Current Loop Iteration: 5, Remaining Variance: 2.1%, Number of Modes: 5 

2022-03-22 06:00:00: Current Loop Iteration: 6, Remaining Variance: 1.28%, Number of Modes: 6 

2022-03-22 06:00:00: Current Loop Iteration: 7, Remaining Variance: 1.2%, Number of Modes: 7 

2022-03-22 06:00:00: Current Loop Iteration: 8, Remaining Variance: 0.89%, Number of Modes: 8 

2022-03-22 07:00:00.0288: Current Loop Iteration: 1, Remaining Variance: 47.64%, Number of Modes: 1 

2022-03-22 07:00:00.0288: Current Loop Iteration: 2, Remaining Variance: 11.82%, Number of Modes: 2 

2022-03-22 07:00:00.0288: Current Loop Iteration: 3, Remaining Variance: 5.65%, Number of Modes: 3 

2022-03-22 07:00:00.0288: Current Loop Iteration: 4, Remaining Variance: 3.77%, Number of Modes: 4 

2022-03-22 07:00:00.0288: Current Loop Iteration: 5, Remaining Variance: 3.21%, Number of Modes: 5 

2022-03-22 07:00:00.0288: Current Loop Iteration: 6, Remaining Variance: 2.6%, Number of Modes: 6 

2022-03-22 07:00:00.0288: Current Loop Iteration: 7, Remaining Variance: 2.32%, Number of Modes: 7 

2022-03-22 07:00:00.0288: Current Loop Iteration: 8, Remaining Variance: 2.21%, Number of Modes: 8 

2022-03-22 07:00:00.0288: Current Loop Iteration: 9, Remaining Variance: 1.74%, Number of Modes: 9 

2022-03-22 07:00:00.0288: Current Loop Iteration: 10, Remaining Variance: 1.61%, Number of Modes: 10 

2022-03-22 07:59:59.9712: Current Loop Iteration: 1, Remaining Variance: 16.65%, Number of Modes: 1 

2022-03-22 07:59:59.9712: Current Loop Iteration: 2, Remaining Variance: 7.44%, Number of Modes: 2 

2022-03-22 07:59:59.9712: Current Loop Iteration: 3, Remaining Variance: 6.85%, Number of Modes: 3 

2022-03-22 07:59:59.9712: Current Loop Iteration: 4, Remaining Variance: 5.28%, Number of Modes: 4 

2022-03-22 07:59:59.9712: Current Loop Iteration: 5, Remaining Variance: 4.31%, Number of Modes: 5 

2022-03-22 07:59:59.9712: Peak estimation is 150% higher6, resetting to zero and retrying 

2022-03-22 07:59:59.9712: Current Loop Iteration: 6, Remaining Variance: 4.25%, Number of Modes: 5 

2022-03-22 07:59:59.9712: Current Loop Iteration: 7, Remaining Variance: 3.81%, Number of Modes: 6 

2022-03-22 07:59:59.9712: Current Loop Iteration: 8, Remaining Variance: 3.72%, Number of Modes: 7 

2022-03-22 07:59:59.9712: Current Loop Iteration: 9, GSD Error! 

2022-03-22 07:59:59.9712: Current Loop Iteration: 10, Negative Concentration! 

2022-03-22 07:59:59.9712: Current Loop Iteration: 11, GSD Error! 

2022-03-22 07:59:59.9712: Current Loop Iteration: 12, Negative Concentration! 

2022-03-22 07:59:59.9712: Current Loop Iteration: 13, GSD Error! 

2022-03-22 07:59:59.9712: Current Loop Iteration: 14, GSD Error! 

2022-03-22 07:59:59.9712: Current Loop Iteration: 15, Negative Concentration! 

2022-03-22 07:59:59.9712: Current Loop Iteration: 16, GSD Error! 

2022-03-22 07:59:59.9712: Current Loop Iteration: 17, GSD Error! 

2022-03-22 07:59:59.9712: Current Loop Iteration: 18, Negative Concentration! 

2022-03-22 07:59:59.9712: Current Loop Iteration: 19, Negative Concentration! 

2022-03-22 07:59:59.9712: Current Loop Iteration: 20, Negative Concentration! 

2022-03-22 07:59:59.9712: Current Loop Iteration: 21, Negative Concentration! 

2022-03-22 07:59:59.9712: Current Loop Iteration: 22, Negative Concentration! 

2022-03-22 07:59:59.9712: Terminating loop, no remaining peaks 

2022-03-22 09:00:00: Current Loop Iteration: 1, Remaining Variance: 33.54%, Number of Modes: 1 

2022-03-22 09:00:00: Current Loop Iteration: 2, Remaining Variance: 7.91%, Number of Modes: 2 

2022-03-22 09:00:00: Current Loop Iteration: 3, Remaining Variance: 4.44%, Number of Modes: 3 

2022-03-22 09:00:00: Current Loop Iteration: 4, Remaining Variance: 3.89%, Number of Modes: 4 

2022-03-22 09:00:00: Current Loop Iteration: 5, Remaining Variance: 3.25%, Number of Modes: 5 

2022-03-22 09:00:00: Current Loop Iteration: 6, Remaining Variance: 2.96%, Number of Modes: 6 

2022-03-22 09:00:00: Current Loop Iteration: 7, Negative Concentration! 

2022-03-22 09:00:00: Current Loop Iteration: 8, Remaining Variance: 2.56%, Number of Modes: 7 

2022-03-22 09:00:00: Current Loop Iteration: 9, Remaining Variance: 2.33%, Number of Modes: 8 

2022-03-22 09:00:00: Current Loop Iteration: 10, Remaining Variance: 2.25%, Number of Modes: 9 

2022-03-22 09:00:00: Current Loop Iteration: 11, Negative Concentration! 

2022-03-22 09:00:00: Current Loop Iteration: 12, Remaining Variance: 2.19%, Number of Modes: 10 

2022-03-22 10:00:00.0288: Current Loop Iteration: 1, Remaining Variance: 6.44%, Number of Modes: 1 

2022-03-22 10:00:00.0288: Current Loop Iteration: 2, Remaining Variance: 2.71%, Number of Modes: 2 

2022-03-22 10:00:00.0288: Current Loop Iteration: 3, Remaining Variance: 2.2%, Number of Modes: 3 

2022-03-22 10:00:00.0288: Current Loop Iteration: 4, Remaining Variance: 1.96%, Number of Modes: 4 

2022-03-22 10:00:00.0288: Current Loop Iteration: 5, Remaining Variance: 1.29%, Number of Modes: 5 

2022-03-22 10:00:00.0288: Current Loop Iteration: 6, Remaining Variance: 1%, Number of Modes: 6 

2022-03-22 10:59:59.9712: Current Loop Iteration: 1, Remaining Variance: 12.22%, Number of Modes: 1 

2022-03-22 10:59:59.9712: Current Loop Iteration: 2, Remaining Variance: 3.63%, Number of Modes: 2 

2022-03-22 10:59:59.9712: Current Loop Iteration: 3, Remaining Variance: 3.01%, Number of Modes: 3 

2022-03-22 10:59:59.9712: Current Loop Iteration: 4, Remaining Variance: 2.36%, Number of Modes: 4 

2022-03-22 10:59:59.9712: Current Loop Iteration: 5, Remaining Variance: 0.88%, Number of Modes: 5 

2022-03-22 12:00:00: Current Loop Iteration: 1, Remaining Variance: 24.65%, Number of Modes: 1 

2022-03-22 12:00:00: Current Loop Iteration: 2, Remaining Variance: 21.9%, Number of Modes: 2 

2022-03-22 12:00:00: Current Loop Iteration: 3, Remaining Variance: 20.65%, Number of Modes: 3 

2022-03-22 12:00:00: Current Loop Iteration: 4, Remaining Variance: 19.61%, Number of Modes: 4 

2022-03-22 12:00:00: Current Loop Iteration: 5, Remaining Variance: 19.14%, Number of Modes: 5 

2022-03-22 12:00:00: Current Loop Iteration: 6, Remaining Variance: 18.42%, Number of Modes: 6 

2022-03-22 12:00:00: Current Loop Iteration: 7, Remaining Variance: 17.27%, Number of Modes: 7 

2022-03-22 12:00:00: Current Loop Iteration: 8, Remaining Variance: 16.61%, Number of Modes: 8 

2022-03-22 12:00:00: Current Loop Iteration: 9, Remaining Variance: 16.05%, Number of Modes: 9 

2022-03-22 12:00:00: Current Loop Iteration: 10, Remaining Variance: 15.74%, Number of Modes: 10 

2022-03-22 13:00:00.0288: Current Loop Iteration: 1, Remaining Variance: 62.75%, Number of Modes: 1 

2022-03-22 13:00:00.0288: Current Loop Iteration: 2, Remaining Variance: 42.23%, Number of Modes: 2 

2022-03-22 13:00:00.0288: Current Loop Iteration: 3, Remaining Variance: 30.39%, Number of Modes: 3 

2022-03-22 13:00:00.0288: Current Loop Iteration: 4, Remaining Variance: 22.48%, Number of Modes: 4 

2022-03-22 13:00:00.0288: Current Loop Iteration: 5, Remaining Variance: 11.53%, Number of Modes: 5 

2022-03-22 13:00:00.0288: Current Loop Iteration: 6, Remaining Variance: 7.31%, Number of Modes: 6 

2022-03-22 13:00:00.0288: Current Loop Iteration: 7, Remaining Variance: 6.67%, Number of Modes: 7 

2022-03-22 13:00:00.0288: Current Loop Iteration: 8, Remaining Variance: 5.31%, Number of Modes: 8 

2022-03-22 13:00:00.0288: Current Loop Iteration: 9, Negative Concentration! 

2022-03-22 13:00:00.0288: Current Loop Iteration: 10, Remaining Variance: 4.11%, Number of Modes: 9 

2022-03-22 13:00:00.0288: Current Loop Iteration: 11, Remaining Variance: 3.54%, Number of Modes: 10 

2022-03-22 13:59:59.9712: Current Loop Iteration: 1, Remaining Variance: 45.76%, Number of Modes: 1 

2022-03-22 13:59:59.9712: Current Loop Iteration: 2, Remaining Variance: 20.76%, Number of Modes: 2 

2022-03-22 13:59:59.9712: Current Loop Iteration: 3, Remaining Variance: 16.11%, Number of Modes: 3 

2022-03-22 13:59:59.9712: Current Loop Iteration: 4, Remaining Variance: 14.06%, Number of Modes: 4 

2022-03-22 13:59:59.9712: Current Loop Iteration: 5, Remaining Variance: 11.7%, Number of Modes: 5 

2022-03-22 13:59:59.9712: Current Loop Iteration: 6, Remaining Variance: 11.36%, Number of Modes: 6 

2022-03-22 13:59:59.9712: Current Loop Iteration: 7, Remaining Variance: 5.36%, Number of Modes: 7 

2022-03-22 13:59:59.9712: Current Loop Iteration: 8, Remaining Variance: 4.29%, Number of Modes: 8 

2022-03-22 13:59:59.9712: Current Loop Iteration: 9, Remaining Variance: 3.67%, Number of Modes: 9 

2022-03-22 13:59:59.9712: Current Loop Iteration: 10, Remaining Variance: 2.7%, Number of Modes: 10 

2022-03-22 15:00:00: Current Loop Iteration: 1, Remaining Variance: 27.42%, Number of Modes: 1 

2022-03-22 15:00:00: Current Loop Iteration: 2, Remaining Variance: 14.3%, Number of Modes: 2 

2022-03-22 15:00:00: Current Loop Iteration: 3, Remaining Variance: 14.21%, Number of Modes: 3 

2022-03-22 15:00:00: Current Loop Iteration: 4, Remaining Variance: 13.23%, Number of Modes: 4 

2022-03-22 15:00:00: Current Loop Iteration: 5, Remaining Variance: 9.54%, Number of Modes: 5 

2022-03-22 15:00:00: Current Loop Iteration: 6, Remaining Variance: 2.73%, Number of Modes: 6 

2022-03-22 15:00:00: Current Loop Iteration: 7, Remaining Variance: 2.28%, Number of Modes: 7 

2022-03-22 15:00:00: Peak estimation is 150% higher8, resetting to zero and retrying 

2022-03-22 15:00:00: Current Loop Iteration: 8, Remaining Variance: 2.16%, Number of Modes: 7 

2022-03-22 15:00:00: Current Loop Iteration: 9, Remaining Variance: 1.62%, Number of Modes: 8 

2022-03-22 15:00:00: Current Loop Iteration: 10, Remaining Variance: 1.5%, Number of Modes: 9 

2022-03-22 15:00:00: Current Loop Iteration: 11, Negative Concentration! 

2022-03-22 15:00:00: Current Loop Iteration: 12, GSD Error! 

2022-03-22 15:00:00: Current Loop Iteration: 13, Negative Concentration! 

2022-03-22 15:00:00: Current Loop Iteration: 14, Remaining Variance: 1.36%, Number of Modes: 10 

2022-03-22 16:00:00.0288: Current Loop Iteration: 1, Remaining Variance: 57.7%, Number of Modes: 1 

2022-03-22 16:00:00.0288: Current Loop Iteration: 2, Remaining Variance: 43.44%, Number of Modes: 2 

2022-03-22 16:00:00.0288: Current Loop Iteration: 3, Remaining Variance: 16.6%, Number of Modes: 3 

2022-03-22 16:00:00.0288: Current Loop Iteration: 4, Remaining Variance: 8.34%, Number of Modes: 4 

2022-03-22 16:00:00.0288: Current Loop Iteration: 5, Remaining Variance: 5.6%, Number of Modes: 5 

2022-03-22 16:00:00.0288: Current Loop Iteration: 6, Remaining Variance: 4.97%, Number of Modes: 6 

2022-03-22 16:00:00.0288: Current Loop Iteration: 7, Remaining Variance: 4.01%, Number of Modes: 7 

2022-03-22 16:00:00.0288: Current Loop Iteration: 8, Remaining Variance: 3.2%, Number of Modes: 8 

2022-03-22 16:00:00.0288: Current Loop Iteration: 9, Remaining Variance: 3.23%, Number of Modes: 9 

2022-03-22 16:00:00.0288: Current Loop Iteration: 10, Negative Concentration! 

2022-03-22 16:00:00.0288: Current Loop Iteration: 11, Remaining Variance: 3.1%, Number of Modes: 10 

2022-03-22 16:59:59.9712: Current Loop Iteration: 1, Remaining Variance: 82.37%, Number of Modes: 1 

2022-03-22 16:59:59.9712: Current Loop Iteration: 2, Remaining Variance: 64.12%, Number of Modes: 2 

2022-03-22 16:59:59.9712: Current Loop Iteration: 3, Remaining Variance: 41.14%, Number of Modes: 3 

2022-03-22 16:59:59.9712: Current Loop Iteration: 4, Remaining Variance: 21.77%, Number of Modes: 4 

2022-03-22 16:59:59.9712: Current Loop Iteration: 5, Remaining Variance: 19.35%, Number of Modes: 5 

2022-03-22 16:59:59.9712: Current Loop Iteration: 6, Remaining Variance: 16.08%, Number of Modes: 6 

2022-03-22 16:59:59.9712: Current Loop Iteration: 7, Remaining Variance: 14.21%, Number of Modes: 7 

2022-03-22 16:59:59.9712: Current Loop Iteration: 8, Remaining Variance: 12.15%, Number of Modes: 8 

2022-03-22 16:59:59.9712: Current Loop Iteration: 9, Remaining Variance: 11.04%, Number of Modes: 9 

2022-03-22 16:59:59.9712: Current Loop Iteration: 10, Remaining Variance: 10.47%, Number of Modes: 10 

2022-03-22 18:00:00: Current Loop Iteration: 1, Remaining Variance: 7.18%, Number of Modes: 1 

2022-03-22 18:00:00: Current Loop Iteration: 2, Remaining Variance: 7.64%, Number of Modes: 2 

2022-03-22 18:00:00: Current Loop Iteration: 3, Negative Concentration! 

2022-03-22 18:00:00: Current Loop Iteration: 4, Remaining Variance: 6.77%, Number of Modes: 3 

2022-03-22 18:00:00: Current Loop Iteration: 5, Remaining Variance: 6.41%, Number of Modes: 4 

2022-03-22 18:00:00: Current Loop Iteration: 6, Remaining Variance: 6.28%, Number of Modes: 5 

2022-03-22 18:00:00: Current Loop Iteration: 7, Remaining Variance: 6.27%, Number of Modes: 6 

2022-03-22 18:00:00: Current Loop Iteration: 8, Remaining Variance: 6.24%, Number of Modes: 7 

2022-03-22 18:00:00: Peak estimation is 150% higher9, resetting to zero and retrying 

2022-03-22 18:00:00: Current Loop Iteration: 9, Remaining Variance: 6.23%, Number of Modes: 7 

2022-03-22 18:00:00: Current Loop Iteration: 10, Negative Concentration! 

2022-03-22 18:00:00: Current Loop Iteration: 11, GSD Error! 

2022-03-22 18:00:00: Current Loop Iteration: 12, GSD Error! 

2022-03-22 18:00:00: Current Loop Iteration: 13, GSD Error! 

2022-03-22 18:00:00: Current Loop Iteration: 14, Negative Concentration! 

2022-03-22 18:00:00: Current Loop Iteration: 15, Negative Concentration! 

2022-03-22 18:00:00: Current Loop Iteration: 16, Negative Concentration! 

2022-03-22 18:00:00: Current Loop Iteration: 17, Negative Concentration! 

2022-03-22 18:00:00: Current Loop Iteration: 18, Negative Concentration! 

2022-03-22 18:00:00: Current Loop Iteration: 19, Negative Concentration! 

2022-03-22 18:00:00: Current Loop Iteration: 20, Negative Concentration! 

2022-03-22 18:00:00: Terminating loop, no remaining peaks 

2022-03-22 19:00:00.0288: Current Loop Iteration: 1, Remaining Variance: 37.38%, Number of Modes: 1 

2022-03-22 19:00:00.0288: Current Loop Iteration: 2, Remaining Variance: 11.84%, Number of Modes: 2 

2022-03-22 19:00:00.0288: Current Loop Iteration: 3, Remaining Variance: 4.89%, Number of Modes: 3 

2022-03-22 19:00:00.0288: Current Loop Iteration: 4, Negative Concentration! 

2022-03-22 19:00:00.0288: Current Loop Iteration: 5, Remaining Variance: 4.58%, Number of Modes: 4 

2022-03-22 19:00:00.0288: Current Loop Iteration: 6, Remaining Variance: 4.36%, Number of Modes: 5 

2022-03-22 19:00:00.0288: Current Loop Iteration: 7, Remaining Variance: 4.09%, Number of Modes: 6 

2022-03-22 19:00:00.0288: Current Loop Iteration: 8, Remaining Variance: 3.84%, Number of Modes: 7 

2022-03-22 19:00:00.0288: Current Loop Iteration: 9, Remaining Variance: 3.66%, Number of Modes: 8 

2022-03-22 19:00:00.0288: Current Loop Iteration: 10, Negative Concentration! 

2022-03-22 19:00:00.0288: Current Loop Iteration: 11, Negative Concentration! 

2022-03-22 19:00:00.0288: Current Loop Iteration: 12, Negative Concentration! 

2022-03-22 19:00:00.0288: Current Loop Iteration: 13, Negative Concentration! 

2022-03-22 19:00:00.0288: Current Loop Iteration: 14, Negative Concentration! 

2022-03-22 19:00:00.0288: Current Loop Iteration: 15, Remaining Variance: 3.65%, Number of Modes: 9 

2022-03-22 19:00:00.0288: Current Loop Iteration: 16, Negative Concentration! 

2022-03-22 19:00:00.0288: Current Loop Iteration: 17, Negative Concentration! 

2022-03-22 19:00:00.0288: Current Loop Iteration: 18, Negative Concentration! 

2022-03-22 19:00:00.0288: Current Loop Iteration: 19, Negative Concentration! 

2022-03-22 19:00:00.0288: Current Loop Iteration: 20, Negative Concentration! 

2022-03-22 19:00:00.0288: Terminating loop, no remaining peaks 

2022-03-22 19:59:59.9712: Current Loop Iteration: 1, Remaining Variance: 6.93%, Number of Modes: 1 

2022-03-22 19:59:59.9712: Current Loop Iteration: 2, Remaining Variance: 4.89%, Number of Modes: 2 

2022-03-22 19:59:59.9712: Current Loop Iteration: 3, Remaining Variance: 3.8%, Number of Modes: 3 

2022-03-22 19:59:59.9712: Current Loop Iteration: 4, Negative Concentration! 

2022-03-22 19:59:59.9712: Current Loop Iteration: 5, Remaining Variance: 2.65%, Number of Modes: 4 

2022-03-22 19:59:59.9712: Current Loop Iteration: 6, Remaining Variance: 2.58%, Number of Modes: 5 

2022-03-22 19:59:59.9712: Current Loop Iteration: 7, Negative Concentration! 

2022-03-22 19:59:59.9712: Current Loop Iteration: 8, Negative Concentration! 

2022-03-22 19:59:59.9712: Current Loop Iteration: 9, Remaining Variance: 2.55%, Number of Modes: 6 

2022-03-22 19:59:59.9712: Current Loop Iteration: 10, Remaining Variance: 2.51%, Number of Modes: 7 

2022-03-22 19:59:59.9712: Current Loop Iteration: 11, Negative Concentration! 

2022-03-22 19:59:59.9712: Current Loop Iteration: 12, GSD Error! 

2022-03-22 19:59:59.9712: Current Loop Iteration: 13, GSD Error! 

2022-03-22 19:59:59.9712: Current Loop Iteration: 14, GSD Error! 

2022-03-22 19:59:59.9712: Current Loop Iteration: 15, Negative Concentration! 

2022-03-22 19:59:59.9712: Current Loop Iteration: 16, Negative Concentration! 

2022-03-22 19:59:59.9712: Current Loop Iteration: 17, Negative Concentration! 

2022-03-22 19:59:59.9712: Terminating loop, no remaining peaks 

2022-03-22 21:00:00: Current Loop Iteration: 1, Remaining Variance: 50.89%, Number of Modes: 1 

2022-03-22 21:00:00: Current Loop Iteration: 2, Remaining Variance: 42.41%, Number of Modes: 2 

2022-03-22 21:00:00: Current Loop Iteration: 3, Remaining Variance: 33.3%, Number of Modes: 3 

2022-03-22 21:00:00: Current Loop Iteration: 4, Remaining Variance: 32.82%, Number of Modes: 4 

2022-03-22 21:00:00: Current Loop Iteration: 5, Negative Concentration! 

2022-03-22 21:00:00: Current Loop Iteration: 6, Remaining Variance: 32.79%, Number of Modes: 5 

2022-03-22 21:00:00: Current Loop Iteration: 7, Negative Concentration! 

2022-03-22 21:00:00: Current Loop Iteration: 8, Negative Concentration! 

2022-03-22 21:00:00: Current Loop Iteration: 9, Negative Concentration! 

2022-03-22 21:00:00: Current Loop Iteration: 10, Negative Concentration! 

2022-03-22 21:00:00: Current Loop Iteration: 11, Negative Concentration! 

2022-03-22 21:00:00: Current Loop Iteration: 12, Negative Concentration! 

2022-03-22 21:00:00: Current Loop Iteration: 13, Negative Concentration! 

2022-03-22 21:00:00: Current Loop Iteration: 14, Negative Concentration! 

2022-03-22 21:00:00: Current Loop Iteration: 15, Negative Concentration! 

2022-03-22 21:00:00: Current Loop Iteration: 16, Negative Concentration! 

2022-03-22 21:00:00: Terminating loop, no remaining peaks 

2022-03-22 22:00:00.0288: Current Loop Iteration: 1, Remaining Variance: 19.26%, Number of Modes: 1 

2022-03-22 22:00:00.0288: Current Loop Iteration: 2, Remaining Variance: 13.68%, Number of Modes: 2 

2022-03-22 22:00:00.0288: Current Loop Iteration: 3, Remaining Variance: 11.69%, Number of Modes: 3 

2022-03-22 22:00:00.0288: Current Loop Iteration: 4, Remaining Variance: 10.66%, Number of Modes: 4 

2022-03-22 22:00:00.0288: Current Loop Iteration: 5, Remaining Variance: 10.22%, Number of Modes: 5 

2022-03-22 22:00:00.0288: Current Loop Iteration: 6, Remaining Variance: 10.06%, Number of Modes: 6 

2022-03-22 22:00:00.0288: Current Loop Iteration: 7, Remaining Variance: 9.78%, Number of Modes: 7 

2022-03-22 22:00:00.0288: Current Loop Iteration: 8, Negative Concentration! 

2022-03-22 22:00:00.0288: Current Loop Iteration: 9, Negative Concentration! 

2022-03-22 22:00:00.0288: Current Loop Iteration: 10, Negative Concentration! 

2022-03-22 22:00:00.0288: Current Loop Iteration: 11, GSD Error! 

2022-03-22 22:00:00.0288: Current Loop Iteration: 12, Remaining Variance: 9.75%, Number of Modes: 8 

2022-03-22 22:00:00.0288: Current Loop Iteration: 13, Negative Concentration! 

2022-03-22 22:00:00.0288: Current Loop Iteration: 14, GSD Error! 

2022-03-22 22:00:00.0288: Current Loop Iteration: 15, GSD Error! 

2022-03-22 22:00:00.0288: Current Loop Iteration: 16, Negative Concentration! 

2022-03-22 22:00:00.0288: Current Loop Iteration: 17, Negative Concentration! 

2022-03-22 22:00:00.0288: Current Loop Iteration: 18, Negative Concentration! 

2022-03-22 22:00:00.0288: Current Loop Iteration: 19, Negative Concentration! 

2022-03-22 22:00:00.0288: Current Loop Iteration: 20, Negative Concentration! 

2022-03-22 22:00:00.0288: Current Loop Iteration: 21, Negative Concentration! 

2022-03-22 22:00:00.0288: Current Loop Iteration: 22, Negative Concentration! 

2022-03-22 22:00:00.0288: Terminating loop, no remaining peaks 

2022-03-22 22:59:59.9712: Current Loop Iteration: 1, Remaining Variance: 31.83%, Number of Modes: 1 

2022-03-22 22:59:59.9712: Current Loop Iteration: 2, Remaining Variance: 20.25%, Number of Modes: 2 

2022-03-22 22:59:59.9712: Current Loop Iteration: 3, Remaining Variance: 16.08%, Number of Modes: 3 

2022-03-22 22:59:59.9712: Current Loop Iteration: 4, Remaining Variance: 8.37%, Number of Modes: 4 

2022-03-22 22:59:59.9712: Current Loop Iteration: 5, Remaining Variance: 5.58%, Number of Modes: 5 

2022-03-22 22:59:59.9712: Current Loop Iteration: 6, Remaining Variance: 4.36%, Number of Modes: 6 

2022-03-22 22:59:59.9712: Current Loop Iteration: 7, Negative Concentration! 

2022-03-22 22:59:59.9712: Current Loop Iteration: 8, Remaining Variance: 3.89%, Number of Modes: 7 

2022-03-22 22:59:59.9712: Current Loop Iteration: 9, Remaining Variance: 3.57%, Number of Modes: 8 

2022-03-22 22:59:59.9712: Current Loop Iteration: 10, Remaining Variance: 3.35%, Number of Modes: 9 

2022-03-22 22:59:59.9712: Current Loop Iteration: 11, Remaining Variance: 2.7%, Number of Modes: 10 

2022-03-23: Current Loop Iteration: 1, Remaining Variance: 18.75%, Number of Modes: 1 

2022-03-23: Current Loop Iteration: 2, Remaining Variance: 16.36%, Number of Modes: 2 

2022-03-23: Current Loop Iteration: 3, Remaining Variance: 10.16%, Number of Modes: 3 

2022-03-23: Current Loop Iteration: 4, Remaining Variance: 10.07%, Number of Modes: 4 

2022-03-23: Current Loop Iteration: 5, Remaining Variance: 6.22%, Number of Modes: 5 

2022-03-23: Current Loop Iteration: 6, Remaining Variance: 4.43%, Number of Modes: 6 

2022-03-23: Current Loop Iteration: 7, Remaining Variance: 3.17%, Number of Modes: 7 

2022-03-23: Current Loop Iteration: 8, Remaining Variance: 2.3%, Number of Modes: 8 

2022-03-23: Current Loop Iteration: 9, Remaining Variance: 1.97%, Number of Modes: 9 

2022-03-23: Current Loop Iteration: 10, Remaining Variance: 1.12%, Number of Modes: 10 

2022-03-23 01:00:00.0288: Current Loop Iteration: 1, Remaining Variance: 32.31%, Number of Modes: 1 

2022-03-23 01:00:00.0288: Current Loop Iteration: 2, Remaining Variance: 20.62%, Number of Modes: 2 

2022-03-23 01:00:00.0288: Current Loop Iteration: 3, Remaining Variance: 10.85%, Number of Modes: 3 

2022-03-23 01:00:00.0288: Current Loop Iteration: 4, Remaining Variance: 5.54%, Number of Modes: 4 

2022-03-23 01:00:00.0288: Current Loop Iteration: 5, Remaining Variance: 4.4%, Number of Modes: 5 

2022-03-23 01:00:00.0288: Current Loop Iteration: 6, Remaining Variance: 3.34%, Number of Modes: 6 

2022-03-23 01:00:00.0288: Current Loop Iteration: 7, Remaining Variance: 2.97%, Number of Modes: 7 

2022-03-23 01:00:00.0288: Current Loop Iteration: 8, Remaining Variance: 2.37%, Number of Modes: 8 

2022-03-23 01:00:00.0288: Current Loop Iteration: 9, Remaining Variance: 2.18%, Number of Modes: 9 

2022-03-23 01:00:00.0288: Current Loop Iteration: 10, Remaining Variance: 1.74%, Number of Modes: 10 

2022-03-23 01:59:59.9712: Current Loop Iteration: 1, Remaining Variance: 11.52%, Number of Modes: 1 

2022-03-23 01:59:59.9712: Current Loop Iteration: 2, Remaining Variance: 7.68%, Number of Modes: 2 

2022-03-23 01:59:59.9712: Current Loop Iteration: 3, Remaining Variance: 1.38%, Number of Modes: 3 

2022-03-23 01:59:59.9712: Current Loop Iteration: 4, Remaining Variance: 1.09%, Number of Modes: 4 

2022-03-23 01:59:59.9712: Peak estimation is 150% higher5, resetting to zero and retrying 

2022-03-23 01:59:59.9712: Current Loop Iteration: 5, Remaining Variance: 0.95%, Number of Modes: 4 

2022-03-23 03:00:00: Current Loop Iteration: 1, Remaining Variance: 25.68%, Number of Modes: 1 

2022-03-23 03:00:00: Current Loop Iteration: 2, Remaining Variance: 6.28%, Number of Modes: 2 

2022-03-23 03:00:00: Current Loop Iteration: 3, Remaining Variance: 5.72%, Number of Modes: 3 

2022-03-23 03:00:00: Current Loop Iteration: 4, Remaining Variance: 2.42%, Number of Modes: 4 

2022-03-23 03:00:00: Current Loop Iteration: 5, Remaining Variance: 1.68%, Number of Modes: 5 

2022-03-23 03:00:00: Peak estimation is 150% higher6, resetting to zero and retrying 

2022-03-23 03:00:00: Current Loop Iteration: 6, Remaining Variance: 1.46%, Number of Modes: 5 

2022-03-23 03:00:00: Current Loop Iteration: 7, Remaining Variance: 1.13%, Number of Modes: 6 

2022-03-23 03:00:00: Current Loop Iteration: 8, Remaining Variance: 0.71%, Number of Modes: 7 

2022-03-23 04:00:00.0288: Current Loop Iteration: 1, Remaining Variance: 63.03%, Number of Modes: 1 

2022-03-23 04:00:00.0288: Current Loop Iteration: 2, Remaining Variance: 15.62%, Number of Modes: 2 

2022-03-23 04:00:00.0288: Current Loop Iteration: 3, Remaining Variance: 8.65%, Number of Modes: 3 

2022-03-23 04:00:00.0288: Current Loop Iteration: 4, Remaining Variance: 6.6%, Number of Modes: 4 

2022-03-23 04:00:00.0288: Current Loop Iteration: 5, Remaining Variance: 6.13%, Number of Modes: 5 

2022-03-23 04:00:00.0288: Current Loop Iteration: 6, Remaining Variance: 4.06%, Number of Modes: 6 

2022-03-23 04:00:00.0288: Current Loop Iteration: 7, Remaining Variance: 3.07%, Number of Modes: 7 

2022-03-23 04:00:00.0288: Current Loop Iteration: 8, Remaining Variance: 2.39%, Number of Modes: 8 

2022-03-23 04:00:00.0288: Current Loop Iteration: 9, Remaining Variance: 1.6%, Number of Modes: 9 

2022-03-23 04:00:00.0288: Terminating loop 10, model fitting failure 

2022-03-23 04:59:59.9712: Current Loop Iteration: 1, Remaining Variance: 66.84%, Number of Modes: 1 

2022-03-23 04:59:59.9712: Current Loop Iteration: 2, Remaining Variance: 16.22%, Number of Modes: 2 

2022-03-23 04:59:59.9712: Current Loop Iteration: 3, Remaining Variance: 11.09%, Number of Modes: 3 

2022-03-23 04:59:59.9712: Current Loop Iteration: 4, Remaining Variance: 9.35%, Number of Modes: 4 

2022-03-23 04:59:59.9712: Current Loop Iteration: 5, Remaining Variance: 6.58%, Number of Modes: 5 

2022-03-23 04:59:59.9712: Current Loop Iteration: 6, Remaining Variance: 5.65%, Number of Modes: 6 

2022-03-23 04:59:59.9712: Current Loop Iteration: 7, Remaining Variance: 4.41%, Number of Modes: 7 

2022-03-23 04:59:59.9712: Current Loop Iteration: 8, Negative Concentration! 

2022-03-23 04:59:59.9712: Current Loop Iteration: 9, Remaining Variance: 4.05%, Number of Modes: 8 

2022-03-23 04:59:59.9712: Current Loop Iteration: 10, GSD Error! 

2022-03-23 04:59:59.9712: Current Loop Iteration: 11, Remaining Variance: 3.99%, Number of Modes: 9 

2022-03-23 04:59:59.9712: Current Loop Iteration: 12, Remaining Variance: 3.94%, Number of Modes: 10 

2022-03-23 06:00:00: Current Loop Iteration: 1, Remaining Variance: 47.38%, Number of Modes: 1 

2022-03-23 06:00:00: Current Loop Iteration: 2, Remaining Variance: 7.39%, Number of Modes: 2 

2022-03-23 06:00:00: Current Loop Iteration: 3, Remaining Variance: 1.91%, Number of Modes: 3 

2022-03-23 06:00:00: Current Loop Iteration: 4, Remaining Variance: 1.66%, Number of Modes: 4 

2022-03-23 06:00:00: Current Loop Iteration: 5, Remaining Variance: 1.52%, Number of Modes: 5 

2022-03-23 06:00:00: Current Loop Iteration: 6, Remaining Variance: 0.77%, Number of Modes: 6 

2022-03-23 07:00:00.0288: Current Loop Iteration: 1, Remaining Variance: 62.19%, Number of Modes: 1 

2022-03-23 07:00:00.0288: Current Loop Iteration: 2, Remaining Variance: 11.16%, Number of Modes: 2 

2022-03-23 07:00:00.0288: Current Loop Iteration: 3, Remaining Variance: 10.77%, Number of Modes: 3 

2022-03-23 07:00:00.0288: Current Loop Iteration: 4, Remaining Variance: 4.16%, Number of Modes: 4 

2022-03-23 07:00:00.0288: Current Loop Iteration: 5, Remaining Variance: 2.6%, Number of Modes: 5 

2022-03-23 07:00:00.0288: Current Loop Iteration: 6, Remaining Variance: 2.36%, Number of Modes: 6 

2022-03-23 07:00:00.0288: Current Loop Iteration: 7, Remaining Variance: 1.73%, Number of Modes: 7 

2022-03-23 07:00:00.0288: Current Loop Iteration: 8, GSD Error! 

2022-03-23 07:00:00.0288: Current Loop Iteration: 9, Remaining Variance: 1.51%, Number of Modes: 8 

2022-03-23 07:00:00.0288: Current Loop Iteration: 10, Remaining Variance: 1.26%, Number of Modes: 9 

2022-03-23 07:00:00.0288: Current Loop Iteration: 11, Remaining Variance: 1.1%, Number of Modes: 10 

2022-03-23 07:59:59.9712: Current Loop Iteration: 1, Remaining Variance: 51.6%, Number of Modes: 1 

2022-03-23 07:59:59.9712: Current Loop Iteration: 2, Remaining Variance: 21.07%, Number of Modes: 2 

2022-03-23 07:59:59.9712: Current Loop Iteration: 3, Remaining Variance: 13.83%, Number of Modes: 3 

2022-03-23 07:59:59.9712: Current Loop Iteration: 4, Remaining Variance: 13.19%, Number of Modes: 4 

2022-03-23 07:59:59.9712: Current Loop Iteration: 5, Remaining Variance: 4.43%, Number of Modes: 5 

2022-03-23 07:59:59.9712: Peak estimation is 150% higher6, resetting to zero and retrying 

2022-03-23 07:59:59.9712: Current Loop Iteration: 6, Remaining Variance: 3.9%, Number of Modes: 5 

2022-03-23 07:59:59.9712: Current Loop Iteration: 7, Remaining Variance: 3.56%, Number of Modes: 6 

2022-03-23 07:59:59.9712: Current Loop Iteration: 8, Remaining Variance: 1.98%, Number of Modes: 7 

2022-03-23 07:59:59.9712: Current Loop Iteration: 9, Remaining Variance: 1.26%, Number of Modes: 8 

2022-03-23 07:59:59.9712: Current Loop Iteration: 10, Remaining Variance: 1.02%, Number of Modes: 9 

2022-03-23 07:59:59.9712: Terminating loop 11, model fitting failure 

2022-03-23 09:00:00: Current Loop Iteration: 1, Remaining Variance: 46.11%, Number of Modes: 1 

2022-03-23 09:00:00: Current Loop Iteration: 2, Remaining Variance: 16.37%, Number of Modes: 2 

2022-03-23 09:00:00: Current Loop Iteration: 3, Remaining Variance: 14.92%, Number of Modes: 3 

2022-03-23 09:00:00: Current Loop Iteration: 4, Remaining Variance: 8.03%, Number of Modes: 4 

2022-03-23 09:00:00: Current Loop Iteration: 5, Remaining Variance: 5.2%, Number of Modes: 5 

2022-03-23 09:00:00: Current Loop Iteration: 6, Remaining Variance: 4.19%, Number of Modes: 6 

2022-03-23 09:00:00: Current Loop Iteration: 7, Remaining Variance: 2.82%, Number of Modes: 7 

2022-03-23 09:00:00: Current Loop Iteration: 8, Remaining Variance: 2.08%, Number of Modes: 8 

2022-03-23 09:00:00: Current Loop Iteration: 9, Remaining Variance: 1.77%, Number of Modes: 9 

2022-03-23 09:00:00: Current Loop Iteration: 10, Negative Concentration! 

2022-03-23 09:00:00: Current Loop Iteration: 11, Negative Concentration! 

2022-03-23 09:00:00: Current Loop Iteration: 12, Negative Concentration! 

2022-03-23 09:00:00: Current Loop Iteration: 13, Remaining Variance: 1.74%, Number of Modes: 10 

2022-03-23 10:00:00.0288: Current Loop Iteration: 1, Remaining Variance: 66.87%, Number of Modes: 1 

2022-03-23 10:00:00.0288: Current Loop Iteration: 2, Remaining Variance: 52.66%, Number of Modes: 2 

2022-03-23 10:00:00.0288: Current Loop Iteration: 3, Remaining Variance: 41.31%, Number of Modes: 3 

2022-03-23 10:00:00.0288: Current Loop Iteration: 4, Remaining Variance: 30.91%, Number of Modes: 4 

2022-03-23 10:00:00.0288: Current Loop Iteration: 5, Remaining Variance: 22.61%, Number of Modes: 5 

2022-03-23 10:00:00.0288: Current Loop Iteration: 6, Remaining Variance: 14.07%, Number of Modes: 6 

2022-03-23 10:00:00.0288: Current Loop Iteration: 7, Remaining Variance: 4.51%, Number of Modes: 7 

2022-03-23 10:00:00.0288: Current Loop Iteration: 8, Remaining Variance: 3.65%, Number of Modes: 8 

2022-03-23 10:00:00.0288: Current Loop Iteration: 9, GSD Error! 

2022-03-23 10:00:00.0288: Current Loop Iteration: 10, Remaining Variance: 2.98%, Number of Modes: 9 

2022-03-23 10:00:00.0288: Current Loop Iteration: 11, GSD Error! 

2022-03-23 10:00:00.0288: Current Loop Iteration: 12, GSD Error! 

2022-03-23 10:00:00.0288: Current Loop Iteration: 13, Remaining Variance: 2.77%, Number of Modes: 10 

2022-03-23 10:59:59.9712: Current Loop Iteration: 1, Remaining Variance: 43.24%, Number of Modes: 1 

2022-03-23 10:59:59.9712: Current Loop Iteration: 2, Remaining Variance: 13.63%, Number of Modes: 2 

2022-03-23 10:59:59.9712: Current Loop Iteration: 3, Remaining Variance: 7.65%, Number of Modes: 3 

2022-03-23 10:59:59.9712: Current Loop Iteration: 4, Remaining Variance: 5.13%, Number of Modes: 4 

2022-03-23 10:59:59.9712: Current Loop Iteration: 5, Remaining Variance: 3.54%, Number of Modes: 5 

2022-03-23 10:59:59.9712: Current Loop Iteration: 6, Remaining Variance: 1.23%, Number of Modes: 6 

2022-03-23 10:59:59.9712: Current Loop Iteration: 7, Remaining Variance: 0.9%, Number of Modes: 7 

2022-03-23 12:00:00: Current Loop Iteration: 1, Remaining Variance: 20.07%, Number of Modes: 1 

2022-03-23 12:00:00: Current Loop Iteration: 2, Remaining Variance: 4.05%, Number of Modes: 2 

2022-03-23 12:00:00: Current Loop Iteration: 3, Remaining Variance: 1.4%, Number of Modes: 3 

2022-03-23 12:00:00: Current Loop Iteration: 4, Remaining Variance: 1.26%, Number of Modes: 4 

2022-03-23 12:00:00: Terminating loop 5, model fitting failure 

2022-03-23 13:00:00.0288: Current Loop Iteration: 1, Remaining Variance: 147.87%, Number of Modes: 1 

2022-03-23 13:00:00.0288: Current Loop Iteration: 2, Remaining Variance: 137.23%, Number of Modes: 2 

2022-03-23 13:00:00.0288: Current Loop Iteration: 3, Remaining Variance: 131.99%, Number of Modes: 3 

2022-03-23 13:00:00.0288: Current Loop Iteration: 4, Remaining Variance: 129.66%, Number of Modes: 4 

2022-03-23 13:00:00.0288: Terminating loop 5, model fitting failure 

2022-03-23 13:59:59.9712: Current Loop Iteration: 1, Remaining Variance: 37.16%, Number of Modes: 1 

2022-03-23 13:59:59.9712: Current Loop Iteration: 2, Remaining Variance: 6.39%, Number of Modes: 2 

2022-03-23 13:59:59.9712: Current Loop Iteration: 3, Remaining Variance: 1.96%, Number of Modes: 3 

2022-03-23 13:59:59.9712: Current Loop Iteration: 4, Remaining Variance: 1.64%, Number of Modes: 4 

2022-03-23 13:59:59.9712: Current Loop Iteration: 5, GSD Error! 

2022-03-23 13:59:59.9712: Current Loop Iteration: 6, Remaining Variance: 1.5%, Number of Modes: 5 

2022-03-23 13:59:59.9712: Current Loop Iteration: 7, Remaining Variance: 1.44%, Number of Modes: 6 

2022-03-23 13:59:59.9712: Current Loop Iteration: 8, Remaining Variance: 1.3%, Number of Modes: 7 

2022-03-23 13:59:59.9712: Current Loop Iteration: 9, Negative Concentration! 

2022-03-23 13:59:59.9712: Current Loop Iteration: 10, GSD Error! 

2022-03-23 13:59:59.9712: Current Loop Iteration: 11, Remaining Variance: 1.26%, Number of Modes: 8 

2022-03-23 13:59:59.9712: Current Loop Iteration: 12, Negative Concentration! 

2022-03-23 13:59:59.9712: Current Loop Iteration: 13, GSD Error! 

2022-03-23 13:59:59.9712: Current Loop Iteration: 14, GSD Error! 

2022-03-23 13:59:59.9712: Current Loop Iteration: 15, Negative Concentration! 

2022-03-23 13:59:59.9712: Current Loop Iteration: 16, Negative Concentration! 

2022-03-23 13:59:59.9712: Current Loop Iteration: 17, Negative Concentration! 

2022-03-23 13:59:59.9712: Current Loop Iteration: 18, Negative Concentration! 

2022-03-23 13:59:59.9712: Current Loop Iteration: 19, Negative Concentration! 

2022-03-23 13:59:59.9712: Current Loop Iteration: 20, Negative Concentration! 

2022-03-23 13:59:59.9712: Current Loop Iteration: 21, Negative Concentration! 

2022-03-23 13:59:59.9712: Current Loop Iteration: 22, Negative Concentration! 

2022-03-23 13:59:59.9712: Terminating loop, no remaining peaks 

2022-03-23 15:00:00: Current Loop Iteration: 1, Remaining Variance: 42.1%, Number of Modes: 1 

2022-03-23 15:00:00: Current Loop Iteration: 2, Remaining Variance: 15.34%, Number of Modes: 2 

2022-03-23 15:00:00: Current Loop Iteration: 3, Remaining Variance: 12.45%, Number of Modes: 3 

2022-03-23 15:00:00: Current Loop Iteration: 4, Remaining Variance: 9.55%, Number of Modes: 4 

2022-03-23 15:00:00: Current Loop Iteration: 5, Remaining Variance: 5.29%, Number of Modes: 5 

2022-03-23 15:00:00: Current Loop Iteration: 6, Remaining Variance: 2.49%, Number of Modes: 6 

2022-03-23 15:00:00: Current Loop Iteration: 7, Remaining Variance: 1.66%, Number of Modes: 7 

2022-03-23 15:00:00: Current Loop Iteration: 8, Remaining Variance: 1.08%, Number of Modes: 8 

2022-03-23 15:00:00: Current Loop Iteration: 9, Negative Concentration! 

2022-03-23 15:00:00: Current Loop Iteration: 10, Negative Concentration! 

2022-03-23 15:00:00: Current Loop Iteration: 11, Remaining Variance: 0.84%, Number of Modes: 9 

2022-03-23 16:00:00.0288: Current Loop Iteration: 1, Remaining Variance: 29.34%, Number of Modes: 1 

2022-03-23 16:00:00.0288: Current Loop Iteration: 2, Remaining Variance: 9.55%, Number of Modes: 2 

2022-03-23 16:00:00.0288: Current Loop Iteration: 3, Remaining Variance: 4.01%, Number of Modes: 3 

2022-03-23 16:00:00.0288: Current Loop Iteration: 4, Remaining Variance: 3.73%, Number of Modes: 4 

2022-03-23 16:00:00.0288: Current Loop Iteration: 5, Remaining Variance: 3.56%, Number of Modes: 5 

2022-03-23 16:00:00.0288: Current Loop Iteration: 6, Negative Concentration! 

2022-03-23 16:00:00.0288: Current Loop Iteration: 7, Remaining Variance: 2.95%, Number of Modes: 6 

2022-03-23 16:00:00.0288: Current Loop Iteration: 8, Remaining Variance: 2.8%, Number of Modes: 7 

2022-03-23 16:00:00.0288: Current Loop Iteration: 9, Remaining Variance: 2.46%, Number of Modes: 8 

2022-03-23 16:00:00.0288: Current Loop Iteration: 10, Remaining Variance: 2.21%, Number of Modes: 9 

2022-03-23 16:00:00.0288: Current Loop Iteration: 11, Remaining Variance: 2.06%, Number of Modes: 10 

2022-03-23 16:59:59.9712: Current Loop Iteration: 1, Remaining Variance: 3.01%, Number of Modes: 1 

2022-03-23 16:59:59.9712: Current Loop Iteration: 2, Remaining Variance: 2.89%, Number of Modes: 2 

2022-03-23 16:59:59.9712: Current Loop Iteration: 3, Negative Concentration! 

2022-03-23 16:59:59.9712: Current Loop Iteration: 4, Remaining Variance: 2.68%, Number of Modes: 3 

2022-03-23 16:59:59.9712: Current Loop Iteration: 5, Negative Concentration! 

2022-03-23 16:59:59.9712: Current Loop Iteration: 6, Remaining Variance: 2.68%, Number of Modes: 4 

2022-03-23 16:59:59.9712: Current Loop Iteration: 7, Negative Concentration! 

2022-03-23 16:59:59.9712: Current Loop Iteration: 8, GSD Error! 

2022-03-23 16:59:59.9712: Current Loop Iteration: 9, Remaining Variance: 2.68%, Number of Modes: 5 

2022-03-23 16:59:59.9712: Terminating loop 10, model fitting failure 

2022-03-23 18:00:00: Current Loop Iteration: 1, Remaining Variance: 0.57%, Number of Modes: 1 

2022-03-23 19:00:00.0288: Current Loop Iteration: 1, Remaining Variance: 0.44%, Number of Modes: 1 

2022-03-23 19:59:59.9712: Current Loop Iteration: 1, Remaining Variance: 1.29%, Number of Modes: 1 

2022-03-23 19:59:59.9712: Current Loop Iteration: 2, Remaining Variance: 0.87%, Number of Modes: 2 

2022-03-23 21:00:00: Current Loop Iteration: 1, Remaining Variance: 4.93%, Number of Modes: 1 

2022-03-23 21:00:00: Current Loop Iteration: 2, Remaining Variance: 0.92%, Number of Modes: 2 

2022-03-23 22:00:00.0288: Current Loop Iteration: 1, Remaining Variance: 10.47%, Number of Modes: 1 

2022-03-23 22:00:00.0288: Current Loop Iteration: 2, Remaining Variance: 1.49%, Number of Modes: 2 

2022-03-23 22:00:00.0288: Current Loop Iteration: 3, Remaining Variance: 0.19%, Number of Modes: 3 

2022-03-23 22:59:59.9712: Current Loop Iteration: 1, Remaining Variance: 11.27%, Number of Modes: 1 

2022-03-23 22:59:59.9712: Current Loop Iteration: 2, Remaining Variance: 0.9%, Number of Modes: 2 

2022-03-24: Current Loop Iteration: 1, Remaining Variance: 48.22%, Number of Modes: 1 

2022-03-24: Current Loop Iteration: 2, Remaining Variance: 28.15%, Number of Modes: 2 

2022-03-24: Current Loop Iteration: 3, Remaining Variance: 7.62%, Number of Modes: 3 

2022-03-24: Current Loop Iteration: 4, Negative Concentration! 

2022-03-24: Current Loop Iteration: 5, Remaining Variance: 6.69%, Number of Modes: 4 

2022-03-24: Current Loop Iteration: 6, Remaining Variance: 6.56%, Number of Modes: 5 

2022-03-24: Current Loop Iteration: 7, Negative Concentration! 

2022-03-24: Current Loop Iteration: 8, Remaining Variance: 6.42%, Number of Modes: 6 

2022-03-24: Current Loop Iteration: 9, Negative Concentration! 

2022-03-24: Current Loop Iteration: 10, Remaining Variance: 6.26%, Number of Modes: 7 

2022-03-24: Current Loop Iteration: 11, GSD Error! 

2022-03-24: Current Loop Iteration: 12, Negative Concentration! 

2022-03-24: Current Loop Iteration: 13, Negative Concentration! 

2022-03-24: Current Loop Iteration: 14, Remaining Variance: 6.25%, Number of Modes: 8 

2022-03-24: Current Loop Iteration: 15, Negative Concentration! 

2022-03-24: Current Loop Iteration: 16, Remaining Variance: 6.25%, Number of Modes: 9 

2022-03-24: Current Loop Iteration: 17, Negative Concentration! 

2022-03-24: Current Loop Iteration: 18, Negative Concentration! 

2022-03-24: Current Loop Iteration: 19, Negative Concentration! 

2022-03-24: Terminating loop, no remaining peaks 

2022-03-24 01:00:00.0288: Current Loop Iteration: 1, Remaining Variance: 2.95%, Number of Modes: 1 

2022-03-24 01:00:00.0288: Current Loop Iteration: 2, Remaining Variance: 0.22%, Number of Modes: 2 

2022-03-24 01:59:59.9712: Current Loop Iteration: 1, Remaining Variance: 1.01%, Number of Modes: 1 

2022-03-24 01:59:59.9712: Current Loop Iteration: 2, Remaining Variance: 0.5%, Number of Modes: 2 

2022-03-24 03:00:00: Current Loop Iteration: 1, Remaining Variance: 0.31%, Number of Modes: 1 

2022-03-24 04:00:00.0288: Current Loop Iteration: 1, Remaining Variance: 0.18%, Number of Modes: 1 

2022-03-24 04:59:59.9712: Current Loop Iteration: 1, Remaining Variance: 45.1%, Number of Modes: 1 

2022-03-24 04:59:59.9712: Current Loop Iteration: 2, Remaining Variance: 20.16%, Number of Modes: 2 

2022-03-24 04:59:59.9712: Current Loop Iteration: 3, Remaining Variance: 2.99%, Number of Modes: 3 

2022-03-24 04:59:59.9712: Current Loop Iteration: 4, Negative Concentration! 

2022-03-24 04:59:59.9712: Current Loop Iteration: 5, Negative Concentration! 

2022-03-24 04:59:59.9712: Current Loop Iteration: 6, Remaining Variance: 2.61%, Number of Modes: 4 

2022-03-24 04:59:59.9712: Current Loop Iteration: 7, Remaining Variance: 2.51%, Number of Modes: 5 

2022-03-24 04:59:59.9712: Current Loop Iteration: 8, Remaining Variance: 2.46%, Number of Modes: 6 

2022-03-24 04:59:59.9712: Current Loop Iteration: 9, Remaining Variance: 2.34%, Number of Modes: 7 

2022-03-24 04:59:59.9712: Current Loop Iteration: 10, Remaining Variance: 2.28%, Number of Modes: 8 

2022-03-24 04:59:59.9712: Current Loop Iteration: 11, Negative Concentration! 

2022-03-24 04:59:59.9712: Current Loop Iteration: 12, Negative Concentration! 

2022-03-24 04:59:59.9712: Current Loop Iteration: 13, GSD Error! 

2022-03-24 04:59:59.9712: Current Loop Iteration: 14, GSD Error! 

2022-03-24 04:59:59.9712: Current Loop Iteration: 15, Remaining Variance: 2.28%, Number of Modes: 9 

2022-03-24 04:59:59.9712: Current Loop Iteration: 16, Negative Concentration! 

2022-03-24 04:59:59.9712: Current Loop Iteration: 17, Negative Concentration! 

2022-03-24 04:59:59.9712: Current Loop Iteration: 18, GSD Error! 

2022-03-24 04:59:59.9712: Current Loop Iteration: 19, Negative Concentration! 

2022-03-24 04:59:59.9712: Terminating loop, no remaining peaks 

2022-03-24 06:00:00: Current Loop Iteration: 1, Remaining Variance: 10.54%, Number of Modes: 1 

2022-03-24 06:00:00: Current Loop Iteration: 2, Remaining Variance: 10.08%, Number of Modes: 2 

2022-03-24 06:00:00: Current Loop Iteration: 3, Remaining Variance: 10.02%, Number of Modes: 3 

2022-03-24 06:00:00: Current Loop Iteration: 4, Remaining Variance: 9.98%, Number of Modes: 4 

2022-03-24 06:00:00: Peak estimation is 150% higher5, resetting to zero and retrying 

2022-03-24 06:00:00: Current Loop Iteration: 5, Remaining Variance: 9.94%, Number of Modes: 4 

2022-03-24 06:00:00: Current Loop Iteration: 6, Remaining Variance: 9.88%, Number of Modes: 5 

2022-03-24 06:00:00: Peak estimation is 150% higher7, resetting to zero and retrying 

2022-03-24 06:00:00: Current Loop Iteration: 7, Remaining Variance: 9.85%, Number of Modes: 5 

2022-03-24 06:00:00: Current Loop Iteration: 8, Remaining Variance: 9.68%, Number of Modes: 6 

2022-03-24 06:00:00: Current Loop Iteration: 9, Negative Concentration! 

2022-03-24 06:00:00: Current Loop Iteration: 10, Negative Concentration! 

2022-03-24 06:00:00: Current Loop Iteration: 11, Negative Concentration! 

2022-03-24 06:00:00: Current Loop Iteration: 12, Negative Concentration! 

2022-03-24 06:00:00: Current Loop Iteration: 13, Negative Concentration! 

2022-03-24 06:00:00: Current Loop Iteration: 14, GSD Error! 

2022-03-24 06:00:00: Current Loop Iteration: 15, Negative Concentration! 

2022-03-24 06:00:00: Current Loop Iteration: 16, Negative Concentration! 

2022-03-24 06:00:00: Current Loop Iteration: 17, Negative Concentration! 

2022-03-24 06:00:00: Current Loop Iteration: 18, Negative Concentration! 

2022-03-24 06:00:00: Current Loop Iteration: 19, Negative Concentration! 

2022-03-24 06:00:00: Current Loop Iteration: 20, Negative Concentration! 

2022-03-24 06:00:00: Current Loop Iteration: 21, Negative Concentration! 

2022-03-24 06:00:00: Terminating loop, no remaining peaks 

2022-03-24 07:00:00.0288: Current Loop Iteration: 1, Remaining Variance: 14.34%, Number of Modes: 1 

2022-03-24 07:00:00.0288: Current Loop Iteration: 2, Remaining Variance: 2.4%, Number of Modes: 2 

2022-03-24 07:00:00.0288: Current Loop Iteration: 3, Remaining Variance: 0.9%, Number of Modes: 3 

2022-03-24 07:59:59.9712: Current Loop Iteration: 1, Remaining Variance: 31.13%, Number of Modes: 1 

2022-03-24 07:59:59.9712: Current Loop Iteration: 2, Remaining Variance: 18.11%, Number of Modes: 2 

2022-03-24 07:59:59.9712: Current Loop Iteration: 3, Remaining Variance: 6.88%, Number of Modes: 3 

2022-03-24 07:59:59.9712: Current Loop Iteration: 4, Remaining Variance: 1.24%, Number of Modes: 4 

2022-03-24 07:59:59.9712: Current Loop Iteration: 5, Remaining Variance: 0.85%, Number of Modes: 5 

2022-03-24 09:00:00: Current Loop Iteration: 1, Remaining Variance: 9.92%, Number of Modes: 1 

2022-03-24 09:00:00: Current Loop Iteration: 2, Remaining Variance: 0.74%, Number of Modes: 2 

2022-03-24 10:00:00.0288: Current Loop Iteration: 1, Remaining Variance: 5.95%, Number of Modes: 1 

2022-03-24 10:00:00.0288: Current Loop Iteration: 2, Remaining Variance: 0.76%, Number of Modes: 2 

2022-03-24 10:59:59.9712: Current Loop Iteration: 1, Remaining Variance: 7.56%, Number of Modes: 1 

2022-03-24 10:59:59.9712: Current Loop Iteration: 2, Remaining Variance: 2.85%, Number of Modes: 2 

2022-03-24 10:59:59.9712: Current Loop Iteration: 3, Remaining Variance: 1.61%, Number of Modes: 3 

2022-03-24 10:59:59.9712: Current Loop Iteration: 4, Remaining Variance: 0.81%, Number of Modes: 4 

2022-03-24 12:00:00: Current Loop Iteration: 1, Remaining Variance: 2.97%, Number of Modes: 1 

2022-03-24 12:00:00: Current Loop Iteration: 2, Remaining Variance: 2.54%, Number of Modes: 2 

2022-03-24 12:00:00: Current Loop Iteration: 3, Remaining Variance: 2.44%, Number of Modes: 3 

2022-03-24 12:00:00: Current Loop Iteration: 4, Remaining Variance: 2.39%, Number of Modes: 4 

2022-03-24 12:00:00: Peak estimation is 150% higher5, resetting to zero and retrying 

2022-03-24 12:00:00: Current Loop Iteration: 5, Remaining Variance: 2.37%, Number of Modes: 4 

2022-03-24 12:00:00: Current Loop Iteration: 6, GSD Error! 

2022-03-24 12:00:00: Current Loop Iteration: 7, Remaining Variance: 2.32%, Number of Modes: 5 

2022-03-24 12:00:00: Current Loop Iteration: 8, GSD Error! 

2022-03-24 12:00:00: Current Loop Iteration: 9, Negative Concentration! 

2022-03-24 12:00:00: Current Loop Iteration: 10, Remaining Variance: 2.3%, Number of Modes: 6 

2022-03-24 12:00:00: Current Loop Iteration: 11, Negative Concentration! 

2022-03-24 12:00:00: Current Loop Iteration: 12, Remaining Variance: 2.28%, Number of Modes: 7 

2022-03-24 12:00:00: Current Loop Iteration: 13, GSD Error! 

2022-03-24 12:00:00: Current Loop Iteration: 14, Negative Concentration! 

2022-03-24 12:00:00: Current Loop Iteration: 15, Negative Concentration! 

2022-03-24 12:00:00: Current Loop Iteration: 16, Negative Concentration! 

2022-03-24 12:00:00: Current Loop Iteration: 17, Negative Concentration! 

2022-03-24 12:00:00: Current Loop Iteration: 18, Negative Concentration! 

2022-03-24 12:00:00: Current Loop Iteration: 19, Negative Concentration! 

2022-03-24 12:00:00: Current Loop Iteration: 20, Negative Concentration! 

2022-03-24 12:00:00: Current Loop Iteration: 21, Negative Concentration! 

2022-03-24 12:00:00: Terminating loop, no remaining peaks 

2022-03-24 13:00:00.0288: Current Loop Iteration: 1, Remaining Variance: 14.9%, Number of Modes: 1 

2022-03-24 13:00:00.0288: Current Loop Iteration: 2, Remaining Variance: 9.84%, Number of Modes: 2 

2022-03-24 13:00:00.0288: Current Loop Iteration: 3, Remaining Variance: 2.27%, Number of Modes: 3 

2022-03-24 13:00:00.0288: Current Loop Iteration: 4, Remaining Variance: 1.33%, Number of Modes: 4 

2022-03-24 13:00:00.0288: Current Loop Iteration: 5, Remaining Variance: 0.75%, Number of Modes: 5 

2022-03-24 13:59:59.9712: Current Loop Iteration: 1, Remaining Variance: 25.93%, Number of Modes: 1 

2022-03-24 13:59:59.9712: Current Loop Iteration: 2, Remaining Variance: 17.62%, Number of Modes: 2 

2022-03-24 13:59:59.9712: Current Loop Iteration: 3, Remaining Variance: 4.29%, Number of Modes: 3 

2022-03-24 13:59:59.9712: Current Loop Iteration: 4, Remaining Variance: 2.25%, Number of Modes: 4 

2022-03-24 13:59:59.9712: Current Loop Iteration: 5, Remaining Variance: 1.91%, Number of Modes: 5 

2022-03-24 13:59:59.9712: Current Loop Iteration: 6, Remaining Variance: 0.49%, Number of Modes: 6 

2022-03-24 15:00:00: Current Loop Iteration: 1, Remaining Variance: 22%, Number of Modes: 1 

2022-03-24 15:00:00: Current Loop Iteration: 2, Remaining Variance: 15.87%, Number of Modes: 2 

2022-03-24 15:00:00: Current Loop Iteration: 3, Remaining Variance: 2.9%, Number of Modes: 3 

2022-03-24 15:00:00: Current Loop Iteration: 4, Remaining Variance: 2.09%, Number of Modes: 4 

2022-03-24 15:00:00: Current Loop Iteration: 5, Remaining Variance: 1.86%, Number of Modes: 5 

2022-03-24 15:00:00: Current Loop Iteration: 6, Remaining Variance: 1.68%, Number of Modes: 6 

2022-03-24 15:00:00: Current Loop Iteration: 7, Remaining Variance: 1.08%, Number of Modes: 7 

2022-03-24 15:00:00: Current Loop Iteration: 8, Remaining Variance: 0.92%, Number of Modes: 8 

2022-03-24 16:00:00.0288: Current Loop Iteration: 1, Remaining Variance: 36.59%, Number of Modes: 1 

2022-03-24 16:00:00.0288: Current Loop Iteration: 2, Remaining Variance: 13.56%, Number of Modes: 2 

2022-03-24 16:00:00.0288: Current Loop Iteration: 3, Remaining Variance: 9.2%, Number of Modes: 3 

2022-03-24 16:00:00.0288: Current Loop Iteration: 4, Remaining Variance: 6.98%, Number of Modes: 4 

2022-03-24 16:00:00.0288: Current Loop Iteration: 5, Remaining Variance: 4.26%, Number of Modes: 5 

2022-03-24 16:00:00.0288: Current Loop Iteration: 6, Remaining Variance: 2.85%, Number of Modes: 6 

2022-03-24 16:00:00.0288: Current Loop Iteration: 7, Remaining Variance: 1.4%, Number of Modes: 7 

2022-03-24 16:00:00.0288: Current Loop Iteration: 8, Remaining Variance: 1.13%, Number of Modes: 8 

2022-03-24 16:00:00.0288: Current Loop Iteration: 9, Negative Concentration! 

2022-03-24 16:00:00.0288: Current Loop Iteration: 10, Negative Concentration! 

2022-03-24 16:00:00.0288: Current Loop Iteration: 11, Negative Concentration! 

2022-03-24 16:00:00.0288: Current Loop Iteration: 12, Negative Concentration! 

2022-03-24 16:00:00.0288: Current Loop Iteration: 13, Negative Concentration! 

2022-03-24 16:00:00.0288: Current Loop Iteration: 14, Negative Concentration! 

2022-03-24 16:00:00.0288: Current Loop Iteration: 15, Remaining Variance: 1.12%, Number of Modes: 9 

2022-03-24 16:00:00.0288: Current Loop Iteration: 16, GSD Error! 

2022-03-24 16:00:00.0288: Current Loop Iteration: 17, Remaining Variance: 1.09%, Number of Modes: 10 

2022-03-24 16:59:59.9712: Current Loop Iteration: 1, Remaining Variance: 50.59%, Number of Modes: 1 

2022-03-24 16:59:59.9712: Current Loop Iteration: 2, Remaining Variance: 36.01%, Number of Modes: 2 

2022-03-24 16:59:59.9712: Current Loop Iteration: 3, Remaining Variance: 30.24%, Number of Modes: 3 

2022-03-24 16:59:59.9712: Current Loop Iteration: 4, Remaining Variance: 30.05%, Number of Modes: 4 

2022-03-24 16:59:59.9712: Current Loop Iteration: 5, Remaining Variance: 29.59%, Number of Modes: 5 

2022-03-24 16:59:59.9712: Current Loop Iteration: 6, Remaining Variance: 29.44%, Number of Modes: 6 

2022-03-24 16:59:59.9712: Current Loop Iteration: 7, Negative Concentration! 

2022-03-24 16:59:59.9712: Current Loop Iteration: 8, Negative Concentration! 

2022-03-24 16:59:59.9712: Current Loop Iteration: 9, Negative Concentration! 

2022-03-24 16:59:59.9712: Current Loop Iteration: 10, Remaining Variance: 29.37%, Number of Modes: 7 

2022-03-24 16:59:59.9712: Current Loop Iteration: 11, Negative Concentration! 

2022-03-24 16:59:59.9712: Current Loop Iteration: 12, Remaining Variance: 29.32%, Number of Modes: 8 

2022-03-24 16:59:59.9712: Current Loop Iteration: 13, Negative Concentration! 

2022-03-24 16:59:59.9712: Current Loop Iteration: 14, Negative Concentration! 

2022-03-24 16:59:59.9712: Current Loop Iteration: 15, Negative Concentration! 

2022-03-24 16:59:59.9712: Current Loop Iteration: 16, Negative Concentration! 

2022-03-24 16:59:59.9712: Current Loop Iteration: 17, Negative Concentration! 

2022-03-24 16:59:59.9712: Current Loop Iteration: 18, Negative Concentration! 

2022-03-24 16:59:59.9712: Current Loop Iteration: 19, Negative Concentration! 

2022-03-24 16:59:59.9712: Current Loop Iteration: 20, Negative Concentration! 

2022-03-24 16:59:59.9712: Current Loop Iteration: 21, Negative Concentration! 

2022-03-24 16:59:59.9712: Terminating loop, no remaining peaks 

2022-03-24 18:00:00: Current Loop Iteration: 1, Remaining Variance: 3.65%, Number of Modes: 1 

2022-03-24 18:00:00: Current Loop Iteration: 2, Remaining Variance: 0.93%, Number of Modes: 2 

2022-03-24 19:00:00.0288: Current Loop Iteration: 1, Remaining Variance: 19.27%, Number of Modes: 1 

2022-03-24 19:00:00.0288: Current Loop Iteration: 2, Remaining Variance: 11.1%, Number of Modes: 2 

2022-03-24 19:00:00.0288: Current Loop Iteration: 3, Remaining Variance: 3.86%, Number of Modes: 3 

2022-03-24 19:00:00.0288: Current Loop Iteration: 4, Remaining Variance: 1.77%, Number of Modes: 4 

2022-03-24 19:00:00.0288: Current Loop Iteration: 5, Remaining Variance: 0.8%, Number of Modes: 5 

2022-03-24 19:59:59.9712: Current Loop Iteration: 1, Remaining Variance: 32.19%, Number of Modes: 1 

2022-03-24 19:59:59.9712: Current Loop Iteration: 2, Remaining Variance: 30.3%, Number of Modes: 2 

2022-03-24 19:59:59.9712: Current Loop Iteration: 3, Remaining Variance: 29.41%, Number of Modes: 3 

2022-03-24 19:59:59.9712: Current Loop Iteration: 4, Remaining Variance: 28.95%, Number of Modes: 4 

2022-03-24 19:59:59.9712: Current Loop Iteration: 5, Remaining Variance: 27.95%, Number of Modes: 5 

2022-03-24 19:59:59.9712: Terminating loop 6, model fitting failure 

2022-03-24 21:00:00: Current Loop Iteration: 1, Remaining Variance: 6.72%, Number of Modes: 1 

2022-03-24 21:00:00: Current Loop Iteration: 2, Remaining Variance: 3.11%, Number of Modes: 2 

2022-03-24 21:00:00: Current Loop Iteration: 3, Remaining Variance: 1.41%, Number of Modes: 3 

2022-03-24 21:00:00: Current Loop Iteration: 4, Remaining Variance: 0.19%, Number of Modes: 4 

2022-03-24 22:00:00.0288: Current Loop Iteration: 1, Remaining Variance: 29.36%, Number of Modes: 1 

2022-03-24 22:00:00.0288: Current Loop Iteration: 2, Remaining Variance: 23.39%, Number of Modes: 2 

2022-03-24 22:00:00.0288: Current Loop Iteration: 3, Remaining Variance: 21.82%, Number of Modes: 3 

2022-03-24 22:00:00.0288: Current Loop Iteration: 4, Remaining Variance: 21.28%, Number of Modes: 4 

2022-03-24 22:00:00.0288: Current Loop Iteration: 5, Remaining Variance: 20.75%, Number of Modes: 5 

2022-03-24 22:00:00.0288: Current Loop Iteration: 6, Negative Concentration! 

2022-03-24 22:00:00.0288: Current Loop Iteration: 7, GSD Error! 

2022-03-24 22:00:00.0288: Current Loop Iteration: 8, Negative Concentration! 

2022-03-24 22:00:00.0288: Current Loop Iteration: 9, Remaining Variance: 20.71%, Number of Modes: 6 

2022-03-24 22:00:00.0288: Current Loop Iteration: 10, Negative Concentration! 

2022-03-24 22:00:00.0288: Current Loop Iteration: 11, Negative Concentration! 

2022-03-24 22:00:00.0288: Current Loop Iteration: 12, Negative Concentration! 

2022-03-24 22:00:00.0288: Current Loop Iteration: 13, Negative Concentration! 

2022-03-24 22:00:00.0288: Current Loop Iteration: 14, Negative Concentration! 

2022-03-24 22:00:00.0288: Current Loop Iteration: 15, Negative Concentration! 

2022-03-24 22:00:00.0288: Current Loop Iteration: 16, Negative Concentration! 

2022-03-24 22:00:00.0288: Terminating loop, no remaining peaks 

2022-03-24 22:59:59.9712: Current Loop Iteration: 1, Remaining Variance: 41.38%, Number of Modes: 1 

2022-03-24 22:59:59.9712: Current Loop Iteration: 2, Remaining Variance: 4.36%, Number of Modes: 2 

2022-03-24 22:59:59.9712: Current Loop Iteration: 3, Remaining Variance: 3.83%, Number of Modes: 3 

2022-03-24 22:59:59.9712: Current Loop Iteration: 4, Remaining Variance: 2.64%, Number of Modes: 4 

2022-03-24 22:59:59.9712: Current Loop Iteration: 5, Remaining Variance: 1.89%, Number of Modes: 5 

2022-03-24 22:59:59.9712: Current Loop Iteration: 6, Negative Concentration! 

2022-03-24 22:59:59.9712: Current Loop Iteration: 7, Negative Concentration! 

2022-03-24 22:59:59.9712: Current Loop Iteration: 8, Negative Concentration! 

2022-03-24 22:59:59.9712: Current Loop Iteration: 9, Negative Concentration! 

2022-03-24 22:59:59.9712: Current Loop Iteration: 10, Remaining Variance: 1.86%, Number of Modes: 6 

2022-03-24 22:59:59.9712: Current Loop Iteration: 11, Negative Concentration! 

2022-03-24 22:59:59.9712: Current Loop Iteration: 12, Remaining Variance: 1.85%, Number of Modes: 7 

2022-03-24 22:59:59.9712: Current Loop Iteration: 13, Negative Concentration! 

2022-03-24 22:59:59.9712: Current Loop Iteration: 14, Remaining Variance: 1.85%, Number of Modes: 8 

2022-03-24 22:59:59.9712: Current Loop Iteration: 15, Negative Concentration! 

2022-03-24 22:59:59.9712: Current Loop Iteration: 16, GSD Error! 

2022-03-24 22:59:59.9712: Current Loop Iteration: 17, Negative Concentration! 

2022-03-24 22:59:59.9712: Current Loop Iteration: 18, Negative Concentration! 

2022-03-24 22:59:59.9712: Terminating loop, no remaining peaks 

2022-03-25: Current Loop Iteration: 1, Remaining Variance: 32.77%, Number of Modes: 1 

2022-03-25: Current Loop Iteration: 2, Remaining Variance: 27.1%, Number of Modes: 2 

2022-03-25: Current Loop Iteration: 3, Negative Concentration! 

2022-03-25: Current Loop Iteration: 4, Remaining Variance: 27.09%, Number of Modes: 3 

2022-03-25: Current Loop Iteration: 5, Remaining Variance: 27.09%, Number of Modes: 4 

2022-03-25: Current Loop Iteration: 6, Remaining Variance: 27.08%, Number of Modes: 5 

2022-03-25: Current Loop Iteration: 7, Negative Concentration! 

2022-03-25: Current Loop Iteration: 8, Negative Concentration! 

2022-03-25: Current Loop Iteration: 9, GSD Error! 

2022-03-25: Current Loop Iteration: 10, Remaining Variance: 27.08%, Number of Modes: 6 

2022-03-25: Current Loop Iteration: 11, GSD Error! 

2022-03-25: Current Loop Iteration: 12, Negative Concentration! 

2022-03-25: Current Loop Iteration: 13, GSD Error! 

2022-03-25: Current Loop Iteration: 14, Negative Concentration! 

2022-03-25: Current Loop Iteration: 15, Negative Concentration! 

2022-03-25: Current Loop Iteration: 16, Negative Concentration! 

2022-03-25: Current Loop Iteration: 17, Negative Concentration! 

2022-03-25: Terminating loop, no remaining peaks 

Error: object 'date.time.c' not found 
Traceback: 
No traceback available 

========================================================================= 
Log End Time: 2025-07-23 17:24:35.735828 
Log Elapsed Time: 0 00:01:44 
========================================================================= 
