========================================================================= 
Log Path: ~/Documents/GitHub/scripts-multimodal/log/multimodal20220321200000_20250723170105.log 
Program Path: /Users/christopherrapp/Documents/GitHub/scripts-multimodal/functions_multimodal_V2.R 
Working Directory: /Users/christopherrapp 
User Name: christopherrapp 
R Version: 4.5.0 (2025-04-11) 
Machine: Mac.salemcourthouse.com arm64 
Operating System: Darwin 24.5.0 Darwin Kernel Version 24.5.0: Tue Apr 22 19:52:00 PDT 2025; root:xnu-11417.121.6~2/RELEASE_ARM64_T6031 
Base Packages: stats graphics grDevices utils datasets methods base 
Other Packages: patchwork_1.3.0 purrr_1.0.4 ggplot2_3.5.2 logr_1.3.9 common_1.1.3 lubridate_1.9.4 dplyr_1.1.4 tidyr_1.3.1 data.table_1.17.4 stringr_1.5.1 
Log Start Time: 2025-07-23 17:01:06.957771 
========================================================================= 

Current Dataset Time: 2022-03-22 Unknown 

Dataset sampling frequency is 60 min 

Error in FUN(X[[i]], ...) : object 'lower.limit' not found 
Traceback: 
 [1] "4: seq(lower.limit, upper.limit, by = 0.01) at #438"                    "3: data.frame(x = seq(lower.limit, upper.limit, by = 0.01)) at #438"   
 [3] "2: FUN(X[[i]], ...)"                                                    "1: lapply(data.ls, function(z) {"                                      
 [5] "       date.time.c <- lubridate::as_datetime(as.numeric(first(z[, "     "           time.index, with = F])))"                                   
 [7] "       {"                                                               "           bins.ix = str_which(colnames(z), \"\\\\d+(\\\\.\\\\d+)?$\")"
 [9] "           bins.nm = as.numeric(colnames(z)[bins.ix])"                  "           tmp.df <- z %>% select(!all_of(bins.ix))"                   
[11] "           {"                                                           "               tmp1 <- as.numeric(bins.nm[-c(length(bins.nm))])/1000"  
[13] "               tmp2 <- as.numeric(bins.nm[-1])/1000"                    "               dlogDp = log10(tmp2) - log10(tmp1)"                     
[15] "           }"                                                           "           select.c <- bins.ix[1:(length(bins.ix) - 1)]"               
[17] "       }"                                                               "       {"                                                              
[19] "           dNdlogDp.mat <- z[, select.c, with = F]"                     "           dNdlogDp.mat <- sapply(dNdlogDp.mat, as.numeric)"           
[21] "           dN.mat = t(t(dNdlogDp.mat) * dlogDp)"                        "           dN.mat <- dN.mat[complete.cases(dN.mat), ]"                 
[23] "           if (is.null(nrow(dNdlogDp.mat))) {"                          "     ... at #137"                                                      

========================================================================= 
Log End Time: 2025-07-23 17:01:07.130703 
Log Elapsed Time: 0 00:00:00 
========================================================================= 
