========================================================================= 
Log Path: ~/Documents/GitHub/scripts-multimodal/log/multimodal20220321200000_20250723174735.log 
Program Path: /Users/christopherrapp/Documents/GitHub/scripts-multimodal/functions_multimodal_V2.R 
Working Directory: /Users/christopherrapp 
User Name: christopherrapp 
R Version: 4.5.0 (2025-04-11) 
Machine: Mac.salemcourthouse.com arm64 
Operating System: Darwin 24.5.0 Darwin Kernel Version 24.5.0: Tue Apr 22 19:52:00 PDT 2025; root:xnu-11417.121.6~2/RELEASE_ARM64_T6031 
Base Packages: stats graphics grDevices utils datasets methods base 
Other Packages: patchwork_1.3.0 purrr_1.0.4 ggplot2_3.5.2 logr_1.3.9 common_1.1.3 lubridate_1.9.4 dplyr_1.1.4 tidyr_1.3.1 data.table_1.17.4 stringr_1.5.1 
Log Start Time: 2025-07-23 17:47:36.174895 
========================================================================= 

Current Dataset Time: 2022-03-22 Unknown 

Dataset sampling frequency is 60 min 

2022-03-22: Current Loop Iteration: 1, Remaining Variance: 3.64%, Number of Modes: 1 

2022-03-22: Current Loop Iteration: 2, Remaining Variance: 3.15%, Number of Modes: 2 

2022-03-22: Current Loop Iteration: 3, Negative Concentration! 

2022-03-22: Current Loop Iteration: 4, Negative Concentration! 

2022-03-22: Current Loop Iteration: 5, Remaining Variance: 3.11%, Number of Modes: 3 

2022-03-22: Current Loop Iteration: 6, Negative Concentration! 

2022-03-22: Current Loop Iteration: 7, Negative Concentration! 

2022-03-22: Current Loop Iteration: 8, GSD Error! 

2022-03-22: Terminating loop, no remaining peaks 

